<?xml version="1.0" encoding="UTF-8"?>
<testsuite xmlns:xsi="http://www.w3.org/2001/XMLSchema-instance" xsi:noNamespaceSchemaLocation="https://maven.apache.org/surefire/maven-surefire-plugin/xsd/surefire-test-report.xsd" version="3.0.2" name="com.example.shop.CartTest" time="0.024" tests="7" errors="1" skipped="1" failures="2" flakes="0">
  <properties>
[...]
</properties>
  <testcase name="priceIsOdd(int)[1]" classname="com.example.shop.CartTest" time="0.145"/>
  <testcase name="priceIsOdd(int)[2]" classname="com.example.shop.CartTest" time="0.024">
    <failure message="even price on purpose ==&gt; expected: &lt;true&gt; but was: &lt;false&gt;" type="org.opentest4j.AssertionFailedError"><![CDATA[org.opentest4j.AssertionFailedError: even price on purpose ==> expected: <true> but was: <false>
	at org.junit.jupiter.api.Assertions.assertTrue(Assertions.java:232)
	at com.example.shop.CartTest.priceIsOdd(CartTest.java:35)
]]></failure>
    <rerunFailure message="even price on purpose ==&gt; expected: &lt;true&gt; but was: &lt;false&gt;" type="org.opentest4j.AssertionFailedError">
      <stackTrace><![CDATA[org.opentest4j.AssertionFailedError: even price on purpose ==> expected: <true> but was: <false>
	at org.junit.jupiter.api.Assertions.assertTrue(Assertions.java:232)
	at com.example.shop.CartTest.priceIsOdd(CartTest.java:35)
]]></stackTrace>
    </rerunFailure>
    <rerunFailure message="even price on purpose ==&gt; expected: &lt;true&gt; but was: &lt;false&gt;" type="org.opentest4j.AssertionFailedError">
      <stackTrace><![CDATA[org.opentest4j.AssertionFailedError: even price on purpose ==> expected: <true> but was: <false>
	at org.junit.jupiter.api.Assertions.assertTrue(Assertions.java:232)
	at com.example.shop.CartTest.priceIsOdd(CartTest.java:35)
]]></stackTrace>
    </rerunFailure>
  </testcase>
  <testcase name="failsOnPurpose" classname="com.example.shop.CartTest" time="0.008">
    <failure message="empty cart on purpose ==&gt; expected: &lt;1&gt; but was: &lt;0&gt;" type="org.opentest4j.AssertionFailedError"><![CDATA[org.opentest4j.AssertionFailedError: empty cart on purpose ==> expected: <1> but was: <0>
	at org.junit.jupiter.api.Assertions.assertEquals(Assertions.java:601)
	at com.example.shop.CartTest.failsOnPurpose(CartTest.java:20)
]]></failure>
    <rerunFailure message="empty cart on purpose ==&gt; expected: &lt;1&gt; but was: &lt;0&gt;" type="org.opentest4j.AssertionFailedError">
      <stackTrace><![CDATA[org.opentest4j.AssertionFailedError: empty cart on purpose ==> expected: <1> but was: <0>
	at org.junit.jupiter.api.Assertions.assertEquals(Assertions.java:601)
	at com.example.shop.CartTest.failsOnPurpose(CartTest.java:20)
]]></stackTrace>
    </rerunFailure>
    <rerunFailure message="empty cart on purpose ==&gt; expected: &lt;1&gt; but was: &lt;0&gt;" type="org.opentest4j.AssertionFailedError">
      <stackTrace><![CDATA[org.opentest4j.AssertionFailedError: empty cart on purpose ==> expected: <1> but was: <0>
	at org.junit.jupiter.api.Assertions.assertEquals(Assertions.java:601)
	at com.example.shop.CartTest.failsOnPurpose(CartTest.java:20)
]]></stackTrace>
    </rerunFailure>
  </testcase>
  <testcase name="throwsUnexpectedly" classname="com.example.shop.CartTest" time="0.004">
    <error message="boom on purpose" type="java.lang.IllegalStateException"><![CDATA[java.lang.IllegalStateException: boom on purpose
	at com.example.shop.CartTest.throwsUnexpectedly(CartTest.java:25)
]]></error>
    <rerunError message="boom on purpose" type="java.lang.IllegalStateException">
      <stackTrace><![CDATA[java.lang.IllegalStateException: boom on purpose
	at com.example.shop.CartTest.throwsUnexpectedly(CartTest.java:25)
]]></stackTrace>
    </rerunError>
    <rerunError message="boom on purpose" type="java.lang.IllegalStateException">
      <stackTrace><![CDATA[java.lang.IllegalStateException: boom on purpose
	at com.example.shop.CartTest.throwsUnexpectedly(CartTest.java:25)
]]></stackTrace>
    </rerunError>
  </testcase>
  <testcase name="sumsPrices" classname="com.example.shop.CartTest" time="0.002"/>
  <testcase name="skippedCase" classname="com.example.shop.CartTest" time="0.0">
    <skipped message="not ready yet"/>
  </testcase>
  <testcase name="keepsTotalWithoutDiscount" classname="com.example.shop.CartTest$Discounts" time="0.001"/>
</testsuite>