<?xml version="1.0" encoding="UTF-8"?>
<testsuite xmlns:xsi="http://www.w3.org/2001/XMLSchema-instance" xsi:noNamespaceSchemaLocation="https://maven.apache.org/surefire/maven-surefire-plugin/xsd/surefire-test-report.xsd" version="3.0.2" name="com.example.shop.FlakyTest" time="0.032" tests="2" errors="1" skipped="0" failures="1" flakes="0">
  <properties>
[...]
</properties>
  <testcase name="failsOnFirstAttempt" classname="com.example.shop.FlakyTest" time="0.013">
    <failure message="first attempt fails on purpose" type="org.opentest4j.AssertionFailedError"><![CDATA[org.opentest4j.AssertionFailedError: first attempt fails on purpose
	at org.junit.jupiter.api.Assertions.fail(Assertions.java:142)
	at com.example.shop.FlakyTest.failsOnFirstAttempt(FlakyTest.java:16)
]]></failure>
  </testcase>
  <testcase name="throwsOnFirstAttempt" classname="com.example.shop.FlakyTest" time="0.007">
    <error message="first attempt throws on purpose" type="java.lang.IllegalStateException"><![CDATA[java.lang.IllegalStateException: first attempt throws on purpose
	at com.example.shop.FlakyTest.throwsOnFirstAttempt(FlakyTest.java:23)
]]></error>
  </testcase>
</testsuite>